2019-02-22T03:54:15.154Z - info: Website generation started at 11:54:12
2019-02-22T03:54:16.510Z - info: Building assets...
2019-02-22T03:54:17.857Z - info: Assets built
2019-02-22T03:54:17.857Z - info: Generating pages...
2019-02-22T03:55:32.681Z - info: Pages built
2019-02-22T03:55:32.792Z - info: Site data built
2019-02-22T03:55:32.792Z - info: Website generation complete! Total build time: 80.249s
2019-02-22T03:55:32.799Z - info: Generate Site durationMs=80256
2019-02-22T03:55:33.029Z - info: Serving "E:\Teaching\CS2103-AY1819S2\cs2103-website\_site" at http://127.0.0.1:8080
2019-02-22T03:55:33.029Z - info: Press CTRL+C to stop ...
2019-02-22T04:10:09.144Z - info: Website generation started at 12:10:06
2019-02-22T04:10:10.418Z - info: Building assets...
2019-02-22T04:10:11.599Z - info: Assets built
2019-02-22T04:10:11.599Z - info: Generating pages...
2019-02-22T04:11:25.450Z - info: Pages built
2019-02-22T04:11:25.555Z - info: Site data built
2019-02-22T04:11:25.555Z - info: Website generation complete! Total build time: 79.072s
2019-02-22T04:11:25.556Z - info: Build success!
2019-02-22T04:11:25.556Z - info: Generate Site durationMs=79073
2019-02-22T04:12:29.424Z - info: Deployed!
2019-02-22T04:36:15.807Z - info: Website generation started at 12:36:13
2019-02-22T04:36:17.104Z - info: Building assets...
2019-02-22T04:36:18.451Z - info: Assets built
2019-02-22T04:36:18.453Z - info: Generating pages...
2019-02-22T04:37:33.901Z - info: Pages built
2019-02-22T04:37:34.004Z - info: Site data built
2019-02-22T04:37:34.004Z - info: Website generation complete! Total build time: 80.661s
2019-02-22T04:37:34.011Z - info: Generate Site durationMs=80668
2019-02-22T04:37:34.246Z - info: Serving "E:\Teaching\CS2103-AY1819S2\cs2103-website\_site" at http://127.0.0.1:8080
2019-02-22T04:37:34.247Z - info: Press CTRL+C to stop ...
2019-02-22T04:40:28.029Z - info: [12:40:28] Reload for file change: E:\Teaching\CS2103-AY1819S2\cs2103-website\schedule\week7\tutorial-cs2103.md
2019-02-22T04:40:29.031Z - verbose: Rebuild affected paths: E:\Teaching\CS2103-AY1819S2\cs2103-website\schedule\week7\tutorial-cs2103.md
2019-02-22T04:40:29.034Z - info: Rebuilding 3 pages
2019-02-22T04:40:38.391Z - info: Pages rebuilt
2019-02-22T04:40:38.404Z - info: Site data built
2019-02-22T04:44:16.651Z - info: [12:44:16] Reload for file change: E:\Teaching\CS2103-AY1819S2\cs2103-website\schedule\week7\tutorial-cs2103.md
2019-02-22T04:44:17.652Z - verbose: Rebuild affected paths: E:\Teaching\CS2103-AY1819S2\cs2103-website\schedule\week7\tutorial-cs2103.md
2019-02-22T04:44:17.654Z - info: Rebuilding 3 pages
2019-02-22T04:44:24.631Z - info: Pages rebuilt
2019-02-22T04:44:24.644Z - info: Site data built
2019-02-22T04:57:52.735Z - info: Website generation started at 12:57:49
2019-02-22T04:57:54.068Z - info: Building assets...
2019-02-22T04:57:55.476Z - info: Assets built
2019-02-22T04:57:55.477Z - info: Generating pages...
2019-02-22T04:59:12.007Z - info: Pages built
2019-02-22T04:59:12.133Z - info: Site data built
2019-02-22T04:59:12.133Z - info: Website generation complete! Total build time: 82.848s
2019-02-22T04:59:12.133Z - info: Build success!
2019-02-22T04:59:12.134Z - info: Generate Site durationMs=82849
2019-02-22T05:00:06.202Z - info: Deployed!
