2019-02-05T05:50:17.332Z - info: Website generation started at 1:50:16 PM
2019-02-05T05:50:18.271Z - info: Building assets...
2019-02-05T05:50:19.489Z - info: Assets built
2019-02-05T05:50:19.490Z - info: Generating pages...
2019-02-05T05:51:34.274Z - info: Pages built
2019-02-05T05:51:34.398Z - info: Site data built
2019-02-05T05:51:34.398Z - info: Website generation complete! Total build time: 77.93s
2019-02-05T05:51:34.432Z - info: Generate Site durationMs=77964
2019-02-05T05:51:34.467Z - info: Serving "D:\Teaching\CS2103\cs2103-website\_site" at http://127.0.0.1:8080
2019-02-05T05:51:34.468Z - info: Press CTRL+C to stop ...
2019-02-05T06:39:15.748Z - info: [2:39:15 PM] Reload for file change: D:\Teaching\CS2103\cs2103-website\schedule\index.md
2019-02-05T06:39:16.752Z - verbose: Rebuild affected paths: D:\Teaching\CS2103\cs2103-website\schedule\index.md
2019-02-05T06:39:16.755Z - info: Rebuilding 2 pages
2019-02-05T06:39:25.904Z - info: Pages rebuilt
2019-02-05T06:39:25.913Z - info: Site data built
2019-02-05T07:06:44.370Z - info: Website generation started at 3:06:43 PM
2019-02-05T07:06:45.173Z - info: Building assets...
2019-02-05T07:06:45.994Z - info: Assets built
2019-02-05T07:06:45.994Z - info: Generating pages...
2019-02-05T07:08:02.943Z - info: Pages built
2019-02-05T07:08:03.032Z - info: Site data built
2019-02-05T07:08:03.032Z - info: Website generation complete! Total build time: 79.735s
2019-02-05T07:08:03.053Z - info: Generate Site durationMs=79756
2019-02-05T07:08:03.065Z - info: Serving "D:\Teaching\CS2103\cs2103-website\_site" at http://127.0.0.1:8080
2019-02-05T07:08:03.066Z - info: Press CTRL+C to stop ...
2019-02-05T07:09:15.771Z - info: Website generation started at 3:09:13 PM
2019-02-05T07:09:16.935Z - info: Building assets...
